<?xml version="1.0" encoding="UTF-8"?>
<!-- Generated by org.testng.reporters.JUnitReportReporter -->
<testsuite hostname="wraghavendra-lp" name="testcases.Logintest" tests="1" failures="0" timestamp="8 Jul 2019 09:38:58 GMT" time="24.798" errors="0">
  <testcase name="testlogin" time="24.798" classname="testcases.Logintest"/>
</testsuite> <!-- testcases.Logintest -->
