<?xml version="1.0" encoding="UTF-8"?>
<!-- Generated by org.testng.reporters.JUnitReportReporter -->
<testsuite hostname="wraghavendra-lp" name="testcases.Logintest" tests="1" failures="0" timestamp="9 Jul 2019 09:29:37 GMT" time="18.976" errors="0">
  <testcase name="testlogin" time="18.976" classname="testcases.Logintest"/>
</testsuite> <!-- testcases.Logintest -->
